<?xml version="1.0" encoding="UTF-8"?>
<!-- Generated by org.testng.reporters.JUnitReportReporter -->
<testsuite hostname="DESKTOP-HGAT5O4" failures="0" tests="3" name="practice.ErrorMessageTest" time="4.501" errors="0" timestamp="2022-03-10T23:34:45 ICT" skipped="0">
  <testcase classname="practice.ErrorMessageTest" name="loginWithRightPass" time="0.635"/>
  <system-out/>
  <testcase classname="practice.ErrorMessageTest" name="errMsg" time="2.898"/>
  <system-out/>
  <testcase classname="practice.ErrorMessageTest" name="resetPass" time="0.968"/>
  <system-out/>
</testsuite> <!-- practice.ErrorMessageTest -->
