<?xml version="1.0" encoding="UTF-8"?>
<!-- Generated by org.testng.reporters.JUnitReportReporter -->
<testsuite hostname="DESKTOP-HGAT5O4" failures="0" tests="1" name="practice.ErrorMessage" time="12.538" errors="0" timestamp="2022-03-01T12:39:31 ICT" skipped="0">
  <testcase classname="practice.ErrorMessage" name="errorTest" time="12.538"/>
  <system-out/>
</testsuite> <!-- practice.ErrorMessage -->
